*********************************************************************
* LD Score Regression (LDSC)
* Version 1.0.1
* (C) 2014-2019 Brendan Bulik-Sullivan and Hilary Finucane
* Broad Institute of MIT and Harvard / MIT Department of Mathematics
* GNU General Public License v3
*********************************************************************
Call: 
./ldsc.py \
--h2 /home/snayar2@ad.wisc.edu/bmi620_final/results/Baldness.sumstats.gz \
--ref-ld-chr /tmp/ld_chr/ \
--out /home/snayar2@ad.wisc.edu/bmi620_final/results/Baldness_h2 \
--w-ld-chr /tmp/ld_chr/ 

Beginning analysis at Sun Apr 26 16:32:20 2026
Reading summary statistics from /home/snayar2@ad.wisc.edu/bmi620_final/results/Baldness.sumstats.gz ...
Read summary statistics for 1167622 SNPs.
Reading reference panel LD Score from /tmp/ld_chr/[1-22] ... (ldscore_fromlist)
Read reference panel LD Scores for 1293150 SNPs.
Removing partitioned LD Scores with zero variance.
Reading regression weight LD Score from /tmp/ld_chr/[1-22] ... (ldscore_fromlist)
Read regression weight LD Scores for 1293150 SNPs.
After merging with reference panel LD, 1139569 SNPs remain.
After merging with regression SNP LD, 1139569 SNPs remain.
Using two-step estimator with cutoff at 30.
Total Observed scale h2: 0.3431 (0.0274)
Lambda GC: 1.4926
Mean Chi^2: 2.5854
Intercept: 1.2232 (0.0205)
Ratio: 0.1408 (0.0129)
Analysis finished at Sun Apr 26 16:32:27 2026
Total time elapsed: 7.53s
